[LOG] System::create                           : Header version = 2.02.11. Current version = 2.02.11.
[LOG] Manager::init                            : maxchannels = 256 studioflags = 00000006 flags 00000000 extradriverdata 0000000000000000.
[LOG] SystemI::init                            : Initialize version=20211 (130436), maxchannels=256, flags=0x00020000
[LOG] SystemI::setOutputInternal               : Setting output to 'FMOD WASAPI Output'
[LOG] OutputWASAPI::init                       : Mix Format (WAVEFORMATEX): wFormatTag=0xFFFE, nChannels=8, nSamplesPerSec=48000, nAvgBytesPerSec=1536000, nBlockAlign=32, wBitsPerSample=32, cbSize=22.
[LOG] OutputWASAPI::init                       : Mix Format (WAVEFORMATEXTENSIBLE): wValidBitsPerSample=32, dwChannelMask=0x0000063F, SubFormat=00000003-0000-0010-8000-00AA00389B71.
[LOG] OutputWASAPI::init                       : Output buffer size: 4096 samples, latency: 0.00ms, period: 10.00ms, DSP buffer: 1024 * 4
[LOG] DownMix::init                            : dspbuffersize: 1024  rate: 48000. output speaker mode: 7, input speaker mode 3
[LOG] DownMix::init                            : done.
[LOG] Thread::initThread                       : Init FMOD stream thread. Affinity: 0x4000000000000003, Priority: 0xFFFF7FFB, Stack Size: 98304, Semaphore: No, Sleep Time: 10, Looping: Yes.
[LOG] Thread::initThread                       : Init FMOD mixer thread. Affinity: 0x4000000000000001, Priority: 0xFFFF7FFA, Stack Size: 81920, Semaphore: No, Sleep Time: 0, Looping: Yes.
[LOG] AsyncManager::init                       : manager 000002406D396A98 isAsync 0 updatePeriod 0.02
[LOG] AsyncManager::init                       : done
[LOG] PlaybackSystem::init                     : 
[LOG] Thread::initThread                       : Init FMOD Studio sample load thread. Affinity: 0x4000000000000003, Priority: 0xFFFF7FFD, Stack Size: 98304, Semaphore: No, Sleep Time: 1, Looping: No.
[LOG] PlaybackSystem::init                     : done
[LOG] Thread::initThread                       : Init FMOD Studio bank load thread. Affinity: 0x4000000000000003, Priority: 0xFFFF7FFD, Stack Size: 98304, Semaphore: No, Sleep Time: 1, Looping: No.
[LOG] Manager::init                            : done.
[LOG] Manager::readBank                        : fileversion = 142, compatVersion = 140 (oldest = 44, newest = 142)
[LOG] Manager::readBank                        : fileversion = 142, compatVersion = 140 (oldest = 44, newest = 142)
[LOG] Manager::readBank                        : fileversion = 142, compatVersion = 140 (oldest = 44, newest = 142)
[LOG] Manager::readBank                        : fileversion = 142, compatVersion = 140 (oldest = 44, newest = 142)
[LOG] Manager::readBank                        : fileversion = 142, compatVersion = 140 (oldest = 44, newest = 142)
[LOG] Manager::readBank                        : fileversion = 142, compatVersion = 140 (oldest = 44, newest = 142)
[LOG] PlaybackSystem::acquireMasterBus         : Setting master channel group format to 6
[LOG] Manager::readBank                        : fileversion = 142, compatVersion = 140 (oldest = 44, newest = 142)
[LOG] Manager::readBank                        : fileversion = 142, compatVersion = 140 (oldest = 44, newest = 142)
[LOG] SystemI::createSoundInternal             : Create name='', mode=0x02000202
[LOG] SystemI::createSoundInternal             : exinfo->cbsize             = 224
[LOG] SystemI::createSoundInternal             : exinfo->length             = 11223008
[LOG] SystemI::createSoundInternal             : exinfo->fileoffset         = 2112
[LOG] SystemI::createSoundInternal             : exinfo->numsubsounds       = 1
[LOG] SystemI::createSoundInternal             : exinfo->inclusionlist      = 000000A28998F278
[LOG] SystemI::createSoundInternal             : exinfo->inclusionlistnum   = 1
[LOG] SystemI::createSoundInternal             : exinfo->suggestedsoundtype = 5
[LOG] SystemI::createSoundInternal             : exinfo->useropen           = 00007FFA8E093490
[LOG] SystemI::createSoundInternal             : exinfo->userclose          = 00007FFA8E093450
[LOG] SystemI::createSoundInternal             : exinfo->userread           = 00007FFA8E093570
[LOG] SystemI::createSoundInternal             : exinfo->userseek           = 00007FFA8E093630
[LOG] SystemI::createSoundInternal             : exinfo->fileuserdata       = 000002406B9379E8
[LOG] SystemI::createSoundInternal             : exinfo->initialseekpostype = 1
[LOG] SystemI::DSPCodecPoolRegister            : register codec pool for pool type 5
[LOG] SystemI::createSoundInternal             : Sample 0/1: name='SFX_goodsound01', format=5, channels=2, frequency=48000, lengthbytes=650624, lengthpcm=2904000, pcmblocksize=0, loopstart=0, loopend=0, mode=0x00000000, channelmask=0x00000000, channelorder=0, peakvolume=0.413383.
[LOG] SystemI::createSoundInternal             : Create name='', mode=0x02000202
[LOG] SystemI::createSoundInternal             : exinfo->cbsize             = 224
[LOG] SystemI::createSoundInternal             : exinfo->length             = 3576832
[LOG] SystemI::createSoundInternal             : exinfo->fileoffset         = 1632
[LOG] SystemI::createSoundInternal             : exinfo->numsubsounds       = 1
[LOG] SystemI::createSoundInternal             : exinfo->inclusionlist      = 000000A28998F278
[LOG] SystemI::createSoundInternal             : exinfo->inclusionlistnum   = 1
[LOG] SystemI::createSoundInternal             : exinfo->suggestedsoundtype = 5
[LOG] SystemI::createSoundInternal             : exinfo->useropen           = 00007FFA8E093490
[LOG] SystemI::createSoundInternal             : exinfo->userclose          = 00007FFA8E093450
[LOG] SystemI::createSoundInternal             : exinfo->userread           = 00007FFA8E093570
[LOG] SystemI::createSoundInternal             : exinfo->userseek           = 00007FFA8E093630
[LOG] SystemI::createSoundInternal             : exinfo->fileuserdata       = 000002406B93A328
[LOG] SystemI::createSoundInternal             : exinfo->initialseekpostype = 1
[LOG] SystemI::DSPCodecPoolRegister            : register codec pool for pool type 5
[LOG] SystemI::createSoundInternal             : Sample 0/1: name='SFX_futuristicdoorsopen', format=5, channels=2, frequency=48000, lengthbytes=18016, lengthpcm=104727, pcmblocksize=0, loopstart=0, loopend=0, mode=0x00000000, channelmask=0x00000000, channelorder=0, peakvolume=0.891102.
[LOG] SoundI::release                          :  (0000023E0DC47C38)
[LOG] SoundI::release                          :     SFX_goodsound01 (000002416755D8B8)
[LOG] SystemI::createSoundInternal             : Create name='', mode=0x02000202
[LOG] SystemI::createSoundInternal             : exinfo->cbsize             = 224
[LOG] SystemI::createSoundInternal             : exinfo->length             = 11223008
[LOG] SystemI::createSoundInternal             : exinfo->fileoffset         = 2112
[LOG] SystemI::createSoundInternal             : exinfo->numsubsounds       = 1
[LOG] SystemI::createSoundInternal             : exinfo->inclusionlist      = 000000A28998F278
[LOG] SystemI::createSoundInternal             : exinfo->inclusionlistnum   = 1
[LOG] SystemI::createSoundInternal             : exinfo->suggestedsoundtype = 5
[LOG] SystemI::createSoundInternal             : exinfo->useropen           = 00007FFA8E093490
[LOG] SystemI::createSoundInternal             : exinfo->userclose          = 00007FFA8E093450
[LOG] SystemI::createSoundInternal             : exinfo->userread           = 00007FFA8E093570
[LOG] SystemI::createSoundInternal             : exinfo->userseek           = 00007FFA8E093630
[LOG] SystemI::createSoundInternal             : exinfo->fileuserdata       = 000002406B936548
[LOG] SystemI::createSoundInternal             : exinfo->initialseekpostype = 1
[LOG] SystemI::DSPCodecPoolRegister            : register codec pool for pool type 5
[LOG] SystemI::createSoundInternal             : Sample 0/1: name='SFX_goodsound01', format=5, channels=2, frequency=48000, lengthbytes=650624, lengthpcm=2904000, pcmblocksize=0, loopstart=0, loopend=0, mode=0x00000000, channelmask=0x00000000, channelorder=0, peakvolume=0.413383.
[LOG] SoundI::release                          :  (0000023E0DC47F18)
[LOG] SoundI::release                          :     SFX_goodsound01 (000002416755D8B8)
[LOG] SoundI::release                          :  (0000023E91EEBD48)
[LOG] SoundI::release                          :     SFX_MedicalLogIntro v1 (00000240639B4FC8)
[LOG] SoundI::release                          :  (0000023E0DC484D8)
[LOG] SoundI::release                          :     SFX_futuristicdoorsopen (000002416755DF38)
[LOG] SoundI::release                          :  (0000023E91EEBEB8)
[LOG] SoundI::release                          :     SFX_button sound (00000240639B2728)
[LOG] SoundI::release                          :  (0000023E91EEB4A8)
[LOG] SoundI::release                          :     step1 (00000240639B4468)
[LOG] SoundI::release                          :  (0000023E91EEC198)
[LOG] SoundI::release                          :     step2 (00000240639B69C8)
[LOG] SoundI::release                          :  (0000023E91EEC758)
[LOG] SoundI::release                          :     step3 (00000240639B2C08)
[LOG] SoundI::release                          :  (0000023E91EEC5E8)
[LOG] SoundI::release                          :     step4 (00000240639B3288)
[LOG] SoundI::release                          :  (0000023E91EEC478)
[LOG] SoundI::release                          :     step5 (00000240639B6B68)
[LOG] SoundI::release                          :  (0000023E91EEC028)
[LOG] SoundI::release                          :     step6 (00000240639B6828)
[LOG] SoundI::release                          :  (0000023E91EECBA8)
[LOG] SoundI::release                          :     SFX_Announcement_Beep (00000240639B54A8)
[LOG] SoundI::release                          :  (0000023E91EEC308)
[LOG] SoundI::release                          :     Room buzz (00000240639B64E8)
[LOG] SoundI::release                          :  (0000023E91EEBBD8)
[LOG] SoundI::release                          :     Beeps, Medical, Heart Monitor, Alarm, Hospital SND47270 1 1 (00000240639B2F48)
[LOG] SoundI::release                          :  (0000023E91EEBA68)
[LOG] SoundI::release                          :     Whistles, Mechanical, Kettle, Boil, Old Fashioned 02 SND26862 2 (00000240639B76C8)
[LOG] SoundI::release                          :  (0000023E91EEB8F8)
[LOG] SoundI::release                          :     Ab drone v1 (00000240639B2588)
[LOG] SoundI::release                          :  (0000023E91EECD18)
[LOG] SoundI::release                          :     Vehicles, Interior, Beep, Seatbelt Warning SND54215 (00000240639B5648)
[LOG] Thread::callback                         : FMOD Studio update thread finished.
[LOG] Thread::callback                         : FMOD Studio bank load thread finished.
[LOG] Profile::disconnectAll                   : Profiler disconnecting all clients
[LOG] Thread::callback                         : FMOD Studio sample load thread finished.
[LOG] LiveUpdate::release                      : 
[LOG] LiveUpdate::reset                        : Reset connection (reason Disconnected)
[LOG] Thread::callback                         : FMOD stream thread finished.
[LOG] Thread::callback                         : FMOD mixer thread finished.
[LOG] Profile::disconnectAll                   : Profiler disconnecting all clients
[LOG] SystemI::close                           : Closed.
